[debug] [2018-02-26T00:13:35.090Z] ----------------------------------------------------------------------
[debug] [2018-02-26T00:13:35.093Z] Command:       /usr/local/bin/node /usr/local/bin/firebase serve
[debug] [2018-02-26T00:13:35.093Z] CLI Version:   3.17.4
[debug] [2018-02-26T00:13:35.093Z] Platform:      darwin
[debug] [2018-02-26T00:13:35.094Z] Node Version:  v6.11.3
[debug] [2018-02-26T00:13:35.094Z] Time:          Sun Feb 25 2018 19:13:35 GMT-0500 (EST)
[debug] [2018-02-26T00:13:35.094Z] ----------------------------------------------------------------------
[debug] 
[debug] [2018-02-26T00:13:35.111Z] > command requires scopes: ["email","openid","https://www.googleapis.com/auth/cloudplatformprojects.readonly","https://www.googleapis.com/auth/firebase","https://www.googleapis.com/auth/cloud-platform"]
[debug] [2018-02-26T00:13:35.112Z] > authorizing via signed-in user
[debug] [2018-02-26T00:13:35.115Z] > refreshing access token with scopes: ["email","https://www.googleapis.com/auth/cloud-platform","https://www.googleapis.com/auth/cloudplatformprojects.readonly","https://www.googleapis.com/auth/firebase","openid"]
[debug] [2018-02-26T00:13:35.115Z] >>> HTTP REQUEST POST https://www.googleapis.com/oauth2/v3/token  
 { refresh_token: '1/6roHYcJwxoGnrTivZyEU4VnQQtJiFq7NcylNuNNODBs',
  client_id: '563584335869-fgrhgmd47bqnekij5i8b5pr03ho849e6.apps.googleusercontent.com',
  client_secret: 'j9iVZfS8kkCEFUPaAeJV0sAi',
  grant_type: 'refresh_token',
  scope: 'email https://www.googleapis.com/auth/cloud-platform https://www.googleapis.com/auth/cloudplatformprojects.readonly https://www.googleapis.com/auth/firebase openid' } 
 Sun Feb 25 2018 19:13:35 GMT-0500 (EST)
[debug] [2018-02-26T00:13:35.265Z] <<< HTTP RESPONSE 200
[debug] [2018-02-26T00:13:35.272Z] >>> HTTP REQUEST GET https://admin.firebase.com/v1/projects/bngcdb-86373  
  
 Sun Feb 25 2018 19:13:35 GMT-0500 (EST)
[debug] [2018-02-26T00:13:35.550Z] <<< HTTP RESPONSE 200
[debug] [2018-02-26T00:13:35.551Z] >>> HTTP REQUEST GET https://admin.firebase.com/v1/database/bngcdb-86373/tokens  
  
 Sun Feb 25 2018 19:13:35 GMT-0500 (EST)
[debug] [2018-02-26T00:13:36.111Z] <<< HTTP RESPONSE 200
[info] 
[info] === Serving from '/Users/saraholson/service_projects/B-G-Incident-Report-System'...
[info] 
[debug] [2018-02-26T00:13:36.115Z] >>> HTTP REQUEST GET https://cloudresourcemanager.googleapis.com/v1/projects/bngcdb-86373  
  
 Sun Feb 25 2018 19:13:36 GMT-0500 (EST)
[debug] [2018-02-26T00:13:36.301Z] <<< HTTP RESPONSE 200
[debug] [2018-02-26T00:13:36.301Z] >>> HTTP REQUEST GET https://mobilesdk-pa.googleapis.com/v1/projects/164973952286/clients/_:getWebAppConfig  
  
 Sun Feb 25 2018 19:13:36 GMT-0500 (EST)
[debug] [2018-02-26T00:13:36.725Z] <<< HTTP RESPONSE 200
[warn] ⚠  hosting: Port 5000 is not available. Trying another port...
[debug] [2018-02-26T00:13:36.751Z] >>> HTTP REQUEST GET https://cloudresourcemanager.googleapis.com/v1/projects/bngcdb-86373  
  
 Sun Feb 25 2018 19:13:36 GMT-0500 (EST)
[debug] [2018-02-26T00:13:36.911Z] <<< HTTP RESPONSE 200
[debug] [2018-02-26T00:13:36.911Z] >>> HTTP REQUEST GET https://mobilesdk-pa.googleapis.com/v1/projects/164973952286/clients/_:getWebAppConfig  
  
 Sun Feb 25 2018 19:13:36 GMT-0500 (EST)
[debug] [2018-02-26T00:13:37.149Z] <<< HTTP RESPONSE 200
[info] i  hosting: Serving hosting files from: public
[info] ✔  hosting: Local server: http://localhost:5004

