[debug] [2018-04-17T20:49:22.144Z] ----------------------------------------------------------------------
[debug] [2018-04-17T20:49:22.146Z] Command:       /usr/local/bin/node /usr/local/bin/firebase serve
[debug] [2018-04-17T20:49:22.147Z] CLI Version:   3.17.4
[debug] [2018-04-17T20:49:22.147Z] Platform:      darwin
[debug] [2018-04-17T20:49:22.147Z] Node Version:  v6.11.3
[debug] [2018-04-17T20:49:22.148Z] Time:          Tue Apr 17 2018 16:49:22 GMT-0400 (EDT)
[debug] [2018-04-17T20:49:22.148Z] ----------------------------------------------------------------------
[debug] 
[debug] [2018-04-17T20:49:22.162Z] > command requires scopes: ["email","openid","https://www.googleapis.com/auth/cloudplatformprojects.readonly","https://www.googleapis.com/auth/firebase","https://www.googleapis.com/auth/cloud-platform"]
[debug] [2018-04-17T20:49:22.162Z] > authorizing via signed-in user
[debug] [2018-04-17T20:49:22.166Z] >>> HTTP REQUEST GET https://admin.firebase.com/v1/projects/bngcdb-86373  
  
 Tue Apr 17 2018 16:49:22 GMT-0400 (EDT)
[debug] [2018-04-17T20:49:22.474Z] <<< HTTP RESPONSE 200
[debug] [2018-04-17T20:49:22.476Z] >>> HTTP REQUEST GET https://admin.firebase.com/v1/database/bngcdb-86373/tokens  
  
 Tue Apr 17 2018 16:49:22 GMT-0400 (EDT)
[debug] [2018-04-17T20:49:23.117Z] <<< HTTP RESPONSE 200
[info] 
[info] === Serving from '/Users/saraholson/service_projects/B-G-Incident-Report-System'...
[info] 
[debug] [2018-04-17T20:49:23.121Z] >>> HTTP REQUEST GET https://cloudresourcemanager.googleapis.com/v1/projects/bngcdb-86373  
  
 Tue Apr 17 2018 16:49:23 GMT-0400 (EDT)
[debug] [2018-04-17T20:49:23.411Z] <<< HTTP RESPONSE 200
[debug] [2018-04-17T20:49:23.412Z] >>> HTTP REQUEST GET https://mobilesdk-pa.googleapis.com/v1/projects/164973952286/clients/_:getWebAppConfig  
  
 Tue Apr 17 2018 16:49:23 GMT-0400 (EDT)
[debug] [2018-04-17T20:49:23.680Z] <<< HTTP RESPONSE 200
[info] i  hosting: Serving hosting files from: public
[info] ✔  hosting: Local server: http://localhost:5000

[debug] [2018-04-17T20:51:29.207Z] ----------------------------------------------------------------------
[debug] [2018-04-17T20:51:29.210Z] Command:       /usr/local/bin/node /usr/local/bin/firebase serve
[debug] [2018-04-17T20:51:29.210Z] CLI Version:   3.17.4
[debug] [2018-04-17T20:51:29.210Z] Platform:      darwin
[debug] [2018-04-17T20:51:29.210Z] Node Version:  v6.11.3
[debug] [2018-04-17T20:51:29.211Z] Time:          Tue Apr 17 2018 16:51:29 GMT-0400 (EDT)
[debug] [2018-04-17T20:51:29.211Z] ----------------------------------------------------------------------
[debug] 
[debug] [2018-04-17T20:51:29.223Z] > command requires scopes: ["email","openid","https://www.googleapis.com/auth/cloudplatformprojects.readonly","https://www.googleapis.com/auth/firebase","https://www.googleapis.com/auth/cloud-platform"]
[debug] [2018-04-17T20:51:29.223Z] > authorizing via signed-in user
[debug] [2018-04-17T20:51:29.225Z] >>> HTTP REQUEST GET https://admin.firebase.com/v1/projects/bngcdb-86373  
  
 Tue Apr 17 2018 16:51:29 GMT-0400 (EDT)
[debug] [2018-04-17T20:51:29.511Z] <<< HTTP RESPONSE 200
[debug] [2018-04-17T20:51:29.512Z] >>> HTTP REQUEST GET https://admin.firebase.com/v1/database/bngcdb-86373/tokens  
  
 Tue Apr 17 2018 16:51:29 GMT-0400 (EDT)
[debug] [2018-04-17T20:51:29.904Z] <<< HTTP RESPONSE 200
[info] 
[info] === Serving from '/Users/saraholson/service_projects/B-G-Incident-Report-System'...
[info] 
[debug] [2018-04-17T20:51:29.907Z] >>> HTTP REQUEST GET https://cloudresourcemanager.googleapis.com/v1/projects/bngcdb-86373  
  
 Tue Apr 17 2018 16:51:29 GMT-0400 (EDT)
[debug] [2018-04-17T20:51:30.191Z] <<< HTTP RESPONSE 200
[debug] [2018-04-17T20:51:30.192Z] >>> HTTP REQUEST GET https://mobilesdk-pa.googleapis.com/v1/projects/164973952286/clients/_:getWebAppConfig  
  
 Tue Apr 17 2018 16:51:30 GMT-0400 (EDT)
[debug] [2018-04-17T20:51:30.543Z] <<< HTTP RESPONSE 200
[warn] ⚠  hosting: Port 5000 is not available. Trying another port...
[debug] [2018-04-17T20:51:30.562Z] >>> HTTP REQUEST GET https://cloudresourcemanager.googleapis.com/v1/projects/bngcdb-86373  
  
 Tue Apr 17 2018 16:51:30 GMT-0400 (EDT)
[debug] [2018-04-17T20:51:31.059Z] <<< HTTP RESPONSE 200
[debug] [2018-04-17T20:51:31.059Z] >>> HTTP REQUEST GET https://mobilesdk-pa.googleapis.com/v1/projects/164973952286/clients/_:getWebAppConfig  
  
 Tue Apr 17 2018 16:51:31 GMT-0400 (EDT)
[debug] [2018-04-17T20:51:31.483Z] <<< HTTP RESPONSE 200
[info] i  hosting: Serving hosting files from: public
[info] ✔  hosting: Local server: http://localhost:5004

[debug] [2018-04-17T20:56:44.359Z] ----------------------------------------------------------------------
[debug] [2018-04-17T20:56:44.361Z] Command:       /usr/local/bin/node /usr/local/bin/firebase serve
[debug] [2018-04-17T20:56:44.362Z] CLI Version:   3.17.4
[debug] [2018-04-17T20:56:44.362Z] Platform:      darwin
[debug] [2018-04-17T20:56:44.362Z] Node Version:  v6.11.3
[debug] [2018-04-17T20:56:44.363Z] Time:          Tue Apr 17 2018 16:56:44 GMT-0400 (EDT)
[debug] [2018-04-17T20:56:44.363Z] ----------------------------------------------------------------------
[debug] 
[debug] [2018-04-17T20:56:44.375Z] > command requires scopes: ["email","openid","https://www.googleapis.com/auth/cloudplatformprojects.readonly","https://www.googleapis.com/auth/firebase","https://www.googleapis.com/auth/cloud-platform"]
[debug] [2018-04-17T20:56:44.375Z] > authorizing via signed-in user
[debug] [2018-04-17T20:56:44.377Z] >>> HTTP REQUEST GET https://admin.firebase.com/v1/projects/bngcdb-86373  
  
 Tue Apr 17 2018 16:56:44 GMT-0400 (EDT)
[debug] [2018-04-17T20:56:44.719Z] <<< HTTP RESPONSE 200
[debug] [2018-04-17T20:56:44.720Z] >>> HTTP REQUEST GET https://admin.firebase.com/v1/database/bngcdb-86373/tokens  
  
 Tue Apr 17 2018 16:56:44 GMT-0400 (EDT)
[debug] [2018-04-17T20:56:45.146Z] <<< HTTP RESPONSE 200
[info] 
[info] === Serving from '/Users/saraholson/service_projects/B-G-Incident-Report-System'...
[info] 
[debug] [2018-04-17T20:56:45.149Z] >>> HTTP REQUEST GET https://cloudresourcemanager.googleapis.com/v1/projects/bngcdb-86373  
  
 Tue Apr 17 2018 16:56:45 GMT-0400 (EDT)
[debug] [2018-04-17T20:56:45.357Z] <<< HTTP RESPONSE 200
[debug] [2018-04-17T20:56:45.358Z] >>> HTTP REQUEST GET https://mobilesdk-pa.googleapis.com/v1/projects/164973952286/clients/_:getWebAppConfig  
  
 Tue Apr 17 2018 16:56:45 GMT-0400 (EDT)
[debug] [2018-04-17T20:56:45.612Z] <<< HTTP RESPONSE 200
[warn] ⚠  hosting: Port 5000 is not available. Trying another port...
[debug] [2018-04-17T20:56:45.632Z] >>> HTTP REQUEST GET https://cloudresourcemanager.googleapis.com/v1/projects/bngcdb-86373  
  
 Tue Apr 17 2018 16:56:45 GMT-0400 (EDT)
[debug] [2018-04-17T20:56:45.776Z] <<< HTTP RESPONSE 200
[debug] [2018-04-17T20:56:45.777Z] >>> HTTP REQUEST GET https://mobilesdk-pa.googleapis.com/v1/projects/164973952286/clients/_:getWebAppConfig  
  
 Tue Apr 17 2018 16:56:45 GMT-0400 (EDT)
[debug] [2018-04-17T20:56:46.275Z] <<< HTTP RESPONSE 200
[warn] ⚠  hosting: Port 5004 is not available. Trying another port...
[debug] [2018-04-17T20:56:46.279Z] >>> HTTP REQUEST GET https://cloudresourcemanager.googleapis.com/v1/projects/bngcdb-86373  
  
 Tue Apr 17 2018 16:56:46 GMT-0400 (EDT)
[debug] [2018-04-17T20:56:46.423Z] <<< HTTP RESPONSE 200
[debug] [2018-04-17T20:56:46.424Z] >>> HTTP REQUEST GET https://mobilesdk-pa.googleapis.com/v1/projects/164973952286/clients/_:getWebAppConfig  
  
 Tue Apr 17 2018 16:56:46 GMT-0400 (EDT)
[debug] [2018-04-17T20:56:48.175Z] <<< HTTP RESPONSE 200
[info] i  hosting: Serving hosting files from: public
[info] ✔  hosting: Local server: http://localhost:5008

